Using pre-set license
Built from '2022.3/release' branch; Version is '2022.3.20f1 (61c2feb0970d) revision 6406910'; Using compiler version '192829333'; Build Type 'Release'
OS: 'Windows 10  (10.0.19045) 64bit Core' Language: 'ko' Physical Memory: 16310 MB
BatchMode: 1, IsHumanControllingUs: 0, StartBugReporterOnCrash: 0, Is64bit: 1, IsPro: 1

COMMAND LINE ARGUMENTS:
D:\Programs\Unity Editors\2022.3.20f1\Editor\Unity.exe
-adb2
-batchMode
-noUpm
-name
AssetImportWorker6
-projectPath
C:/Users/c4607/OneDrive/Desktop/WarriorsOnPlan/WarriorsOnPlan
-logFile
Logs/AssetImportWorker6.log
-srvPort
63901
Successfully changed project path to: C:/Users/c4607/OneDrive/Desktop/WarriorsOnPlan/WarriorsOnPlan
C:/Users/c4607/OneDrive/Desktop/WarriorsOnPlan/WarriorsOnPlan
[UnityMemory] Configuration Parameters - Can be set up in boot.config
    "memorysetup-bucket-allocator-granularity=16"
    "memorysetup-bucket-allocator-bucket-count=8"
    "memorysetup-bucket-allocator-block-size=33554432"
    "memorysetup-bucket-allocator-block-count=8"
    "memorysetup-main-allocator-block-size=16777216"
    "memorysetup-thread-allocator-block-size=16777216"
    "memorysetup-gfx-main-allocator-block-size=16777216"
    "memorysetup-gfx-thread-allocator-block-size=16777216"
    "memorysetup-cache-allocator-block-size=4194304"
    "memorysetup-typetree-allocator-block-size=2097152"
    "memorysetup-profiler-bucket-allocator-granularity=16"
    "memorysetup-profiler-bucket-allocator-bucket-count=8"
    "memorysetup-profiler-bucket-allocator-block-size=33554432"
    "memorysetup-profiler-bucket-allocator-block-count=8"
    "memorysetup-profiler-allocator-block-size=16777216"
    "memorysetup-profiler-editor-allocator-block-size=1048576"
    "memorysetup-temp-allocator-size-main=16777216"
    "memorysetup-job-temp-allocator-block-size=2097152"
    "memorysetup-job-temp-allocator-block-size-background=1048576"
    "memorysetup-job-temp-allocator-reduction-small-platforms=262144"
    "memorysetup-allocator-temp-initial-block-size-main=262144"
    "memorysetup-allocator-temp-initial-block-size-worker=262144"
    "memorysetup-temp-allocator-size-background-worker=32768"
    "memorysetup-temp-allocator-size-job-worker=262144"
    "memorysetup-temp-allocator-size-preload-manager=33554432"
    "memorysetup-temp-allocator-size-nav-mesh-worker=65536"
    "memorysetup-temp-allocator-size-audio-worker=65536"
    "memorysetup-temp-allocator-size-cloud-worker=32768"
    "memorysetup-temp-allocator-size-gi-baking-worker=262144"
    "memorysetup-temp-allocator-size-gfx=262144"
Player connection [440] Host "[IP] 192.168.219.194 [Port] 0 [Flags] 2 [Guid] 1473755528 [EditorId] 1473755528 [Version] 1048832 [Id] WindowsEditor(7,DESKTOP-G6HG4DQ) [Debug] 1 [PackageName] WindowsEditor [ProjectName] Editor" joined multi-casting on [225.0.0.222:54997]...

Player connection [440] Host "[IP] 192.168.219.194 [Port] 0 [Flags] 2 [Guid] 1473755528 [EditorId] 1473755528 [Version] 1048832 [Id] WindowsEditor(7,DESKTOP-G6HG4DQ) [Debug] 1 [PackageName] WindowsEditor [ProjectName] Editor" joined alternative multi-casting on [225.0.0.222:34997]...

[Physics::Module] Initialized MultithreadedJobDispatcher with 11 workers.
Refreshing native plugins compatible for Editor in 12.69 ms, found 3 plugins.
Preloading 0 native plugins for Editor in 0.00 ms.
Initialize engine version: 2022.3.20f1 (61c2feb0970d)
[Subsystems] Discovering subsystems at path D:/Programs/Unity Editors/2022.3.20f1/Editor/Data/Resources/UnitySubsystems
[Subsystems] Discovering subsystems at path C:/Users/c4607/OneDrive/Desktop/WarriorsOnPlan/WarriorsOnPlan/Assets
GfxDevice: creating device client; threaded=0; jobified=0
Direct3D:
    Version:  Direct3D 11.0 [level 11.1]
    Renderer: NVIDIA GeForce RTX 3060 Ti (ID=0x2489)
    Vendor:   NVIDIA
    VRAM:     8038 MB
    Driver:   31.0.15.3623
Initialize mono
Mono path[0] = 'D:/Programs/Unity Editors/2022.3.20f1/Editor/Data/Managed'
Mono path[1] = 'D:/Programs/Unity Editors/2022.3.20f1/Editor/Data/MonoBleedingEdge/lib/mono/unityjit-win32'
Mono config path = 'D:/Programs/Unity Editors/2022.3.20f1/Editor/Data/MonoBleedingEdge/etc'
Using monoOptions --debugger-agent=transport=dt_socket,embedding=1,server=y,suspend=n,address=127.0.0.1:56540
Begin MonoManager ReloadAssembly
Registering precompiled unity dll's ...
Register platform support module: D:/Programs/Unity Editors/2022.3.20f1/Editor/Data/PlaybackEngines/AndroidPlayer/UnityEditor.Android.Extensions.dll
Register platform support module: D:/Programs/Unity Editors/2022.3.20f1/Editor/Data/PlaybackEngines/iOSSupport/UnityEditor.iOS.Extensions.dll
Register platform support module: D:/Programs/Unity Editors/2022.3.20f1/Editor/Data/PlaybackEngines/WindowsStandaloneSupport/UnityEditor.WindowsStandalone.Extensions.dll
Registered in 0.004758 seconds.
- Loaded All Assemblies, in  0.253 seconds
Native extension for WindowsStandalone target not found
[usbmuxd] Start listen thread
[usbmuxd] Listen thread started
Native extension for iOS target not found
Native extension for Android target not found
Android Extension - Scanning For ADB Devices 205 ms
Mono: successfully reloaded assembly
- Finished resetting the current domain, in  0.459 seconds
Domain Reload Profiling: 712ms
	BeginReloadAssembly (77ms)
		ExecutionOrderSort (0ms)
		DisableScriptedObjects (0ms)
		BackupInstance (0ms)
		ReleaseScriptingObjects (0ms)
		CreateAndSetChildDomain (1ms)
	RebuildCommonClasses (25ms)
	RebuildNativeTypeToScriptingClass (7ms)
	initialDomainReloadingComplete (40ms)
	LoadAllAssembliesAndSetupDomain (102ms)
		LoadAssemblies (77ms)
		RebuildTransferFunctionScriptingTraits (0ms)
		AnalyzeDomain (101ms)
			TypeCache.Refresh (99ms)
				TypeCache.ScanAssembly (90ms)
			ScanForSourceGeneratedMonoScriptInfo (0ms)
			ResolveRequiredComponents (0ms)
	FinalizeReload (459ms)
		ReleaseScriptCaches (0ms)
		RebuildScriptCaches (0ms)
		SetupLoadedEditorAssemblies (416ms)
			LogAssemblyErrors (0ms)
			InitializePlatformSupportModulesInManaged (286ms)
			SetLoadedEditorAssemblies (3ms)
			RefreshPlugins (0ms)
			BeforeProcessingInitializeOnLoad (2ms)
			ProcessInitializeOnLoadAttributes (89ms)
			ProcessInitializeOnLoadMethodAttributes (37ms)
			AfterProcessingInitializeOnLoad (0ms)
			EditorAssembliesLoaded (0ms)
		ExecutionOrderSort2 (0ms)
		AwakeInstancesAfterBackupRestoration (0ms)
========================================================================
Worker process is ready to serve import requests
Begin MonoManager ReloadAssembly
- Loaded All Assemblies, in  0.444 seconds
Refreshing native plugins compatible for Editor in 6.80 ms, found 3 plugins.
Native extension for WindowsStandalone target not found
Native extension for iOS target not found
Native extension for Android target not found
Package Manager log level set to [2]
[Package Manager] Server::EnsureServerProcessIsRunning -- launch failed, reason: Unity was launched with the -noUpm command-line argument
[Package Manager] UpmClient::Send -- Unable to send message (not connected to UPM process).
[Package Manager] Cannot connect to Unity Package Manager local server
Mono: successfully reloaded assembly
[Package Manager] Server::EnsureServerProcessIsRunning -- launch failed, reason: Unity was launched with the -noUpm command-line argument
[Package Manager] UpmClient::Send -- Unable to send message (not connected to UPM process).
[Package Manager] Cannot connect to Unity Package Manager local server
[Package Manager] Server::EnsureServerProcessIsRunning -- launch failed, reason: Unity was launched with the -noUpm command-line argument
[Package Manager] UpmClient::Send -- Unable to send message (not connected to UPM process).
[Package Manager] Cannot connect to Unity Package Manager local server
- Finished resetting the current domain, in  0.447 seconds
Domain Reload Profiling: 889ms
	BeginReloadAssembly (108ms)
		ExecutionOrderSort (0ms)
		DisableScriptedObjects (4ms)
		BackupInstance (0ms)
		ReleaseScriptingObjects (0ms)
		CreateAndSetChildDomain (19ms)
	RebuildCommonClasses (23ms)
	RebuildNativeTypeToScriptingClass (7ms)
	initialDomainReloadingComplete (29ms)
	LoadAllAssembliesAndSetupDomain (274ms)
		LoadAssemblies (233ms)
		RebuildTransferFunctionScriptingTraits (0ms)
		AnalyzeDomain (103ms)
			TypeCache.Refresh (87ms)
				TypeCache.ScanAssembly (75ms)
			ScanForSourceGeneratedMonoScriptInfo (12ms)
			ResolveRequiredComponents (3ms)
	FinalizeReload (448ms)
		ReleaseScriptCaches (0ms)
		RebuildScriptCaches (0ms)
		SetupLoadedEditorAssemblies (333ms)
			LogAssemblyErrors (0ms)
			InitializePlatformSupportModulesInManaged (23ms)
			SetLoadedEditorAssemblies (4ms)
			RefreshPlugins (0ms)
			BeforeProcessingInitializeOnLoad (51ms)
			ProcessInitializeOnLoadAttributes (237ms)
			ProcessInitializeOnLoadMethodAttributes (16ms)
			AfterProcessingInitializeOnLoad (2ms)
			EditorAssembliesLoaded (0ms)
		ExecutionOrderSort2 (0ms)
		AwakeInstancesAfterBackupRestoration (5ms)
Launched and connected shader compiler UnityShaderCompiler.exe after 0.04 seconds
Refreshing native plugins compatible for Editor in 7.18 ms, found 3 plugins.
Preloading 0 native plugins for Editor in 0.00 ms.
Unloading 3255 Unused Serialized files (Serialized files now loaded: 0)
Unloading 43 unused Assets / (62.6 KB). Loaded Objects now: 3710.
Memory consumption went from 130.8 MB to 130.7 MB.
Total: 2.937300 ms (FindLiveObjects: 0.408000 ms CreateObjectMapping: 0.169200 ms MarkObjects: 2.253800 ms  DeleteObjects: 0.105500 ms)

AssetImportParameters requested are different than current active one (requested -> active):
  custom:container-demuxer-ogg: 62fdf1f143b41e24485cea50d1cbac27 -> 
  custom:video-decoder-ogg-theora: a1e56fd34408186e4bbccfd4996cb3dc -> 
  custom:framework-win-MediaFoundation: 216162199b28c13a410421893ffa2e32 -> 
  custom:CustomObjectIndexerAttribute: 6d391050e5a25f67b0a2c618074f2cd9 -> 
  custom:container-demuxer-webm: 4f35f7cbe854078d1ac9338744f61a02 -> 
  custom:container-muxer-webm: aa71ff27fc2769a1b78a27578f13a17b -> 
  custom:video-decoder-webm-vp8: 9c59270c3fd7afecdb556c50c9e8de78 -> 
  custom:SearchIndexIgnoredProperties: e643bd26f0fe6173181afceb89e7c659 -> 
  custom:AudioImporter_EditorPlatform: d09bf68614088b80899f8185d706f6e7 -> 
  custom:video-encoder-webm-vp8: eb34c28f22e8b96e1ab97ce403110664 -> 
  custom:audio-decoder-ogg-vorbis: bf7c407c2cedff20999df2af8eb42d56 -> 
  custom:audio-encoder-webm-vorbis: bf7c407c2cedff20999df2af8eb42d56 -> 
========================================================================
Received Import Request.
  Time since last request: 746669.833157 seconds.
  path: Assets/ToonyTinyPeople/TT_RTS/TT_RTS_Standard/FX/materials/Explo_A.mat
  artifactKey: Guid(d1d128cc94d69e3468b7c31069cf4c43) Importer(815301076,1909f56bfc062723c751e8b465ee728b)
Start importing Assets/ToonyTinyPeople/TT_RTS/TT_RTS_Standard/FX/materials/Explo_A.mat using Guid(d1d128cc94d69e3468b7c31069cf4c43) Importer(815301076,1909f56bfc062723c751e8b465ee728b)  -> (artifact id: 'ed69c3396d46d445820943a150aed259') in 0.092195 seconds
Number of updated asset objects reloaded before import = 0
Number of asset objects unloaded after import = 2
========================================================================
Received Import Request.
  Time since last request: 0.000022 seconds.
  path: Assets/ToonyTinyPeople/TT_RTS/TT_RTS_Standard/FX/materials/Smoke_B.mat
  artifactKey: Guid(a8933437aa239e04880986e0e15dce08) Importer(815301076,1909f56bfc062723c751e8b465ee728b)
Start importing Assets/ToonyTinyPeople/TT_RTS/TT_RTS_Standard/FX/materials/Smoke_B.mat using Guid(a8933437aa239e04880986e0e15dce08) Importer(815301076,1909f56bfc062723c751e8b465ee728b)  -> (artifact id: 'a0fe4035dae4f4380227173a4970009f') in 0.017485 seconds
Number of updated asset objects reloaded before import = 0
Number of asset objects unloaded after import = 2
========================================================================
Received Import Request.
  Time since last request: 0.000024 seconds.
  path: Assets/ToonyTinyPeople/TT_RTS/TT_RTS_Standard/FX/materials/Sparks.mat
  artifactKey: Guid(cba000a537231064badae10b954e7d9f) Importer(815301076,1909f56bfc062723c751e8b465ee728b)
Start importing Assets/ToonyTinyPeople/TT_RTS/TT_RTS_Standard/FX/materials/Sparks.mat using Guid(cba000a537231064badae10b954e7d9f) Importer(815301076,1909f56bfc062723c751e8b465ee728b)  -> (artifact id: '320a7de32e877cfad9929a8b33e463d0') in 0.015259 seconds
Number of updated asset objects reloaded before import = 0
Number of asset objects unloaded after import = 2
========================================================================
Received Import Request.
  Time since last request: 6.324333 seconds.
  path: Assets/ToonyTinyPeople/TT_RTS/TT_RTS_Standard/FX/materials/textures/Flames_A.psd
  artifactKey: Guid(30dc374ffbe937e42b417eaafa293738) Importer(815301076,1909f56bfc062723c751e8b465ee728b)
Start importing Assets/ToonyTinyPeople/TT_RTS/TT_RTS_Standard/FX/materials/textures/Flames_A.psd using Guid(30dc374ffbe937e42b417eaafa293738) Importer(815301076,1909f56bfc062723c751e8b465ee728b)  -> (artifact id: 'afe86233d14596d685c7130979f1c0a2') in 0.021305 seconds
Number of updated asset objects reloaded before import = 0
Number of asset objects unloaded after import = 2
========================================================================
Received Import Request.
  Time since last request: 0.000018 seconds.
  path: Assets/ToonyTinyPeople/TT_RTS/TT_RTS_Standard/FX/materials/textures/Small_particle.psd
  artifactKey: Guid(d02f9739f0bf15149a7a54cf3b9750b5) Importer(815301076,1909f56bfc062723c751e8b465ee728b)
Start importing Assets/ToonyTinyPeople/TT_RTS/TT_RTS_Standard/FX/materials/textures/Small_particle.psd using Guid(d02f9739f0bf15149a7a54cf3b9750b5) Importer(815301076,1909f56bfc062723c751e8b465ee728b)  -> (artifact id: '0943aa0f5d3a71f790bda2d965319216') in 0.014785 seconds
Number of updated asset objects reloaded before import = 0
Number of asset objects unloaded after import = 2
========================================================================
Received Import Request.
  Time since last request: 0.000019 seconds.
  path: Assets/ToonyTinyPeople/TT_RTS/TT_RTS_Standard/FX/materials/textures/Smoke_A.psd
  artifactKey: Guid(00ef5cb1ee96315459a478b746dc3ad1) Importer(815301076,1909f56bfc062723c751e8b465ee728b)
Start importing Assets/ToonyTinyPeople/TT_RTS/TT_RTS_Standard/FX/materials/textures/Smoke_A.psd using Guid(00ef5cb1ee96315459a478b746dc3ad1) Importer(815301076,1909f56bfc062723c751e8b465ee728b)  -> (artifact id: 'f56fe6326b87aa6e4e57acddfac7269d') in 0.014813 seconds
Number of updated asset objects reloaded before import = 0
Number of asset objects unloaded after import = 2
========================================================================
Received Import Request.
  Time since last request: 13.441906 seconds.
  path: Assets/ToonyTinyPeople/TT_RTS/TT_RTS_Standard/models/materials/TT_RTS_Buildings_texture.tga
  artifactKey: Guid(d5fe7bc37fba71f4b9f5d89e19c8bb0e) Importer(815301076,1909f56bfc062723c751e8b465ee728b)
Start importing Assets/ToonyTinyPeople/TT_RTS/TT_RTS_Standard/models/materials/TT_RTS_Buildings_texture.tga using Guid(d5fe7bc37fba71f4b9f5d89e19c8bb0e) Importer(815301076,1909f56bfc062723c751e8b465ee728b)  -> (artifact id: '48028f0c33ae2141a02d9c312397f712') in 0.036101 seconds
Number of updated asset objects reloaded before import = 0
Number of asset objects unloaded after import = 2
========================================================================
Received Import Request.
  Time since last request: 2.022437 seconds.
  path: Assets/ToonyTinyPeople/TT_RTS/TT_RTS_Standard/models/materials/color/TT_RTS_Units_ColorGenerator.psd
  artifactKey: Guid(720f9a1c262e9fa4084e0592a8a93319) Importer(815301076,1909f56bfc062723c751e8b465ee728b)
Start importing Assets/ToonyTinyPeople/TT_RTS/TT_RTS_Standard/models/materials/color/TT_RTS_Units_ColorGenerator.psd using Guid(720f9a1c262e9fa4084e0592a8a93319) Importer(815301076,1909f56bfc062723c751e8b465ee728b)  -> (artifact id: '13d7334898c921be74cb2237663ee41c') in 0.017786 seconds
Number of updated asset objects reloaded before import = 0
Number of asset objects unloaded after import = 2
========================================================================
Received Import Request.
  Time since last request: 1.485409 seconds.
  path: Assets/ToonyTinyPeople/TT_RTS/TT_RTS_Standard/models/materials/color/Units/TT_RTS_Units_blue.mat
  artifactKey: Guid(792a4bad9e08b8e41bfbd3f0b8aac1ab) Importer(815301076,1909f56bfc062723c751e8b465ee728b)
Start importing Assets/ToonyTinyPeople/TT_RTS/TT_RTS_Standard/models/materials/color/Units/TT_RTS_Units_blue.mat using Guid(792a4bad9e08b8e41bfbd3f0b8aac1ab) Importer(815301076,1909f56bfc062723c751e8b465ee728b)  -> (artifact id: 'fb45c84a10217d08057c8b1381740759') in 0.013932 seconds
Number of updated asset objects reloaded before import = 0
Number of asset objects unloaded after import = 2
========================================================================
Received Import Request.
  Time since last request: 0.000016 seconds.
  path: Assets/ToonyTinyPeople/TT_RTS/TT_RTS_Standard/models/materials/color/Units/TT_RTS_Units_tan.mat
  artifactKey: Guid(b813b7681b0bf9b4181633bc098ca739) Importer(815301076,1909f56bfc062723c751e8b465ee728b)
Start importing Assets/ToonyTinyPeople/TT_RTS/TT_RTS_Standard/models/materials/color/Units/TT_RTS_Units_tan.mat using Guid(b813b7681b0bf9b4181633bc098ca739) Importer(815301076,1909f56bfc062723c751e8b465ee728b)  -> (artifact id: '4a0465504b8f67ebf6eee5833fd0760b') in 0.013375 seconds
Number of updated asset objects reloaded before import = 0
Number of asset objects unloaded after import = 2
========================================================================
Received Import Request.
  Time since last request: 0.000016 seconds.
  path: Assets/ToonyTinyPeople/TT_RTS/TT_RTS_Standard/models/materials/color/Units/TT_RTS_Units_purple.mat
  artifactKey: Guid(3fb3053a2c6c4b346b51634e6d401ff2) Importer(815301076,1909f56bfc062723c751e8b465ee728b)
Start importing Assets/ToonyTinyPeople/TT_RTS/TT_RTS_Standard/models/materials/color/Units/TT_RTS_Units_purple.mat using Guid(3fb3053a2c6c4b346b51634e6d401ff2) Importer(815301076,1909f56bfc062723c751e8b465ee728b)  -> (artifact id: 'e4c82e1c3d03bb1142152935a5caa440') in 0.012124 seconds
Number of updated asset objects reloaded before import = 0
Number of asset objects unloaded after import = 2
========================================================================
Received Import Request.
  Time since last request: 0.000015 seconds.
  path: Assets/ToonyTinyPeople/TT_RTS/TT_RTS_Standard/models/materials/color/Units/TT_RTS_Units_brown.mat
  artifactKey: Guid(32515cc96492c6d4ab732a997912d2e0) Importer(815301076,1909f56bfc062723c751e8b465ee728b)
Start importing Assets/ToonyTinyPeople/TT_RTS/TT_RTS_Standard/models/materials/color/Units/TT_RTS_Units_brown.mat using Guid(32515cc96492c6d4ab732a997912d2e0) Importer(815301076,1909f56bfc062723c751e8b465ee728b)  -> (artifact id: '6635f0d9cd2019ad7774b38b14d6ccc7') in 0.012130 seconds
Number of updated asset objects reloaded before import = 0
Number of asset objects unloaded after import = 2
========================================================================
Received Import Request.
  Time since last request: 55.287550 seconds.
  path: Assets/ToonyTinyPeople/TT_RTS/TT_RTS_Standard/FX/FX_prefabs/FX_Building_burning.prefab
  artifactKey: Guid(c1f7cd26d86e36c44921a1c45d23513b) Importer(815301076,1909f56bfc062723c751e8b465ee728b)
Start importing Assets/ToonyTinyPeople/TT_RTS/TT_RTS_Standard/FX/FX_prefabs/FX_Building_burning.prefab using Guid(c1f7cd26d86e36c44921a1c45d23513b) Importer(815301076,1909f56bfc062723c751e8b465ee728b)  -> (artifact id: 'e65add20513a9aa91147619679aee256') in 0.028926 seconds
Number of updated asset objects reloaded before import = 0
Number of asset objects unloaded after import = 32
========================================================================
Received Import Request.
  Time since last request: 0.000013 seconds.
  path: Assets/ToonyTinyPeople/TT_RTS/TT_RTS_Standard/FX/FX_prefabs/FX_Building_Destroyed_mid.prefab
  artifactKey: Guid(43cc1a347ac43cd498e91db9fb766337) Importer(815301076,1909f56bfc062723c751e8b465ee728b)
Start importing Assets/ToonyTinyPeople/TT_RTS/TT_RTS_Standard/FX/FX_prefabs/FX_Building_Destroyed_mid.prefab using Guid(43cc1a347ac43cd498e91db9fb766337) Importer(815301076,1909f56bfc062723c751e8b465ee728b)  -> (artifact id: '67b018d261246157dba6e8f861eebae0') in 0.027474 seconds
Number of updated asset objects reloaded before import = 0
Number of asset objects unloaded after import = 61
========================================================================
Received Import Request.
  Time since last request: 12.678029 seconds.
  path: Assets/ToonyTinyPeople/TT_RTS/TT_RTS_Standard/models/extras/heads/Head_01b.FBX
  artifactKey: Guid(7c15d5da23b90b8469e1d49fe76fe1fe) Importer(815301076,1909f56bfc062723c751e8b465ee728b)
Start importing Assets/ToonyTinyPeople/TT_RTS/TT_RTS_Standard/models/extras/heads/Head_01b.FBX using Guid(7c15d5da23b90b8469e1d49fe76fe1fe) Importer(815301076,1909f56bfc062723c751e8b465ee728b)  -> (artifact id: '09ef58562e1589c82e1489f51c2dc3b5') in 0.032106 seconds
Number of updated asset objects reloaded before import = 0
Number of asset objects unloaded after import = 9
========================================================================
Received Import Request.
  Time since last request: 0.000015 seconds.
  path: Assets/ToonyTinyPeople/TT_RTS/TT_RTS_Standard/models/extras/heads/Head_03d.FBX
  artifactKey: Guid(45a7ebc9d653b72499aa037335e6a7c5) Importer(815301076,1909f56bfc062723c751e8b465ee728b)
Start importing Assets/ToonyTinyPeople/TT_RTS/TT_RTS_Standard/models/extras/heads/Head_03d.FBX using Guid(45a7ebc9d653b72499aa037335e6a7c5) Importer(815301076,1909f56bfc062723c751e8b465ee728b)  -> (artifact id: 'af84bea6eb73f13a43b193ea78ddb7b8') in 0.015867 seconds
Number of updated asset objects reloaded before import = 0
Number of asset objects unloaded after import = 9
========================================================================
Received Import Request.
  Time since last request: 0.000013 seconds.
  path: Assets/ToonyTinyPeople/TT_RTS/TT_RTS_Standard/models/extras/heads/Head_05b.FBX
  artifactKey: Guid(cad612d8a985aac4bb802ff96c1bee3c) Importer(815301076,1909f56bfc062723c751e8b465ee728b)
Start importing Assets/ToonyTinyPeople/TT_RTS/TT_RTS_Standard/models/extras/heads/Head_05b.FBX using Guid(cad612d8a985aac4bb802ff96c1bee3c) Importer(815301076,1909f56bfc062723c751e8b465ee728b)  -> (artifact id: 'c6250636f37e8adbf91f33304fa4630a') in 0.017084 seconds
Number of updated asset objects reloaded before import = 0
Number of asset objects unloaded after import = 9
========================================================================
Received Import Request.
  Time since last request: 0.000013 seconds.
  path: Assets/ToonyTinyPeople/TT_RTS/TT_RTS_Standard/models/extras/heads/Head_09h.FBX
  artifactKey: Guid(406dd9bbf5562ed44a57a64d130508c9) Importer(815301076,1909f56bfc062723c751e8b465ee728b)
Start importing Assets/ToonyTinyPeople/TT_RTS/TT_RTS_Standard/models/extras/heads/Head_09h.FBX using Guid(406dd9bbf5562ed44a57a64d130508c9) Importer(815301076,1909f56bfc062723c751e8b465ee728b)  -> (artifact id: '67ccbdcbce43a51fc56829075eab3483') in 0.016921 seconds
Number of updated asset objects reloaded before import = 0
Number of asset objects unloaded after import = 9
========================================================================
Received Import Request.
  Time since last request: 0.000016 seconds.
  path: Assets/ToonyTinyPeople/TT_RTS/TT_RTS_Standard/models/extras/heads/Head_02d.FBX
  artifactKey: Guid(13408c3510e33994d9328cab1987ad9e) Importer(815301076,1909f56bfc062723c751e8b465ee728b)
Start importing Assets/ToonyTinyPeople/TT_RTS/TT_RTS_Standard/models/extras/heads/Head_02d.FBX using Guid(13408c3510e33994d9328cab1987ad9e) Importer(815301076,1909f56bfc062723c751e8b465ee728b)  -> (artifact id: '197b8f37075edfc48c2d1e178ee716ea') in 0.016574 seconds
Number of updated asset objects reloaded before import = 0
Number of asset objects unloaded after import = 9
========================================================================
Received Import Request.
  Time since last request: 0.000017 seconds.
  path: Assets/ToonyTinyPeople/TT_RTS/TT_RTS_Standard/models/extras/heads/Head_12a.FBX
  artifactKey: Guid(6df5869436d93234ea44699bba10cbfc) Importer(815301076,1909f56bfc062723c751e8b465ee728b)
Start importing Assets/ToonyTinyPeople/TT_RTS/TT_RTS_Standard/models/extras/heads/Head_12a.FBX using Guid(6df5869436d93234ea44699bba10cbfc) Importer(815301076,1909f56bfc062723c751e8b465ee728b)  -> (artifact id: '017261e507b5240956417f8dc63cec33') in 0.018686 seconds
Number of updated asset objects reloaded before import = 0
Number of asset objects unloaded after import = 9
========================================================================
Received Import Request.
  Time since last request: 0.000019 seconds.
  path: Assets/ToonyTinyPeople/TT_RTS/TT_RTS_Standard/models/extras/heads/Head_10d.FBX
  artifactKey: Guid(abe5ebb929ad9654883e51c47b9a7747) Importer(815301076,1909f56bfc062723c751e8b465ee728b)
Start importing Assets/ToonyTinyPeople/TT_RTS/TT_RTS_Standard/models/extras/heads/Head_10d.FBX using Guid(abe5ebb929ad9654883e51c47b9a7747) Importer(815301076,1909f56bfc062723c751e8b465ee728b)  -> (artifact id: '8c06baeb85e95665266cdec947cb4c6c') in 0.018072 seconds
Number of updated asset objects reloaded before import = 0
Number of asset objects unloaded after import = 9
========================================================================
Received Import Request.
  Time since last request: 0.000024 seconds.
  path: Assets/ToonyTinyPeople/TT_RTS/TT_RTS_Standard/models/extras/heads/Head_03e.FBX
  artifactKey: Guid(a7c0cef58881ab34aa08c2c50d8bebf6) Importer(815301076,1909f56bfc062723c751e8b465ee728b)
Start importing Assets/ToonyTinyPeople/TT_RTS/TT_RTS_Standard/models/extras/heads/Head_03e.FBX using Guid(a7c0cef58881ab34aa08c2c50d8bebf6) Importer(815301076,1909f56bfc062723c751e8b465ee728b)  -> (artifact id: '194dcedcb3a897bd593dea90fc7ba4a4') in 0.017159 seconds
Number of updated asset objects reloaded before import = 0
Number of asset objects unloaded after import = 9
========================================================================
Received Import Request.
  Time since last request: 0.000015 seconds.
  path: Assets/ToonyTinyPeople/TT_RTS/TT_RTS_Standard/models/extras/heads/Head_10e.FBX
  artifactKey: Guid(6f2048680d922da45b1aeb8e5eac605f) Importer(815301076,1909f56bfc062723c751e8b465ee728b)
Start importing Assets/ToonyTinyPeople/TT_RTS/TT_RTS_Standard/models/extras/heads/Head_10e.FBX using Guid(6f2048680d922da45b1aeb8e5eac605f) Importer(815301076,1909f56bfc062723c751e8b465ee728b)  -> (artifact id: 'f9840cc1bfb891a7e97b132aa76db994') in 0.016824 seconds
Number of updated asset objects reloaded before import = 0
Number of asset objects unloaded after import = 9
========================================================================
Received Import Request.
  Time since last request: 0.000017 seconds.
  path: Assets/ToonyTinyPeople/TT_RTS/TT_RTS_Standard/models/extras/heads/Head_06c.FBX
  artifactKey: Guid(c272f7d9f0602054ba2ed5083f8de2aa) Importer(815301076,1909f56bfc062723c751e8b465ee728b)
Start importing Assets/ToonyTinyPeople/TT_RTS/TT_RTS_Standard/models/extras/heads/Head_06c.FBX using Guid(c272f7d9f0602054ba2ed5083f8de2aa) Importer(815301076,1909f56bfc062723c751e8b465ee728b)  -> (artifact id: '11c7becd22fe12dfbee576a3fbd61ec4') in 0.018753 seconds
Number of updated asset objects reloaded before import = 0
Number of asset objects unloaded after import = 9
========================================================================
Received Import Request.
  Time since last request: 0.000015 seconds.
  path: Assets/ToonyTinyPeople/TT_RTS/TT_RTS_Standard/models/extras/heads/Head_01e.FBX
  artifactKey: Guid(1630a4a7428480f43b8c73766803078e) Importer(815301076,1909f56bfc062723c751e8b465ee728b)
Start importing Assets/ToonyTinyPeople/TT_RTS/TT_RTS_Standard/models/extras/heads/Head_01e.FBX using Guid(1630a4a7428480f43b8c73766803078e) Importer(815301076,1909f56bfc062723c751e8b465ee728b)  -> (artifact id: 'b70085f4d3cdaa34f61954b5b57ef2e7') in 0.017177 seconds
Number of updated asset objects reloaded before import = 0
Number of asset objects unloaded after import = 9
========================================================================
Received Import Request.
  Time since last request: 0.000015 seconds.
  path: Assets/ToonyTinyPeople/TT_RTS/TT_RTS_Standard/models/extras/heads/Head_08b.FBX
  artifactKey: Guid(f8189f4ddd564a240855ac4c117f35ea) Importer(815301076,1909f56bfc062723c751e8b465ee728b)
Start importing Assets/ToonyTinyPeople/TT_RTS/TT_RTS_Standard/models/extras/heads/Head_08b.FBX using Guid(f8189f4ddd564a240855ac4c117f35ea) Importer(815301076,1909f56bfc062723c751e8b465ee728b)  -> (artifact id: '065a34740ee6a30c35b6a14394c3e02a') in 0.016189 seconds
Number of updated asset objects reloaded before import = 0
Number of asset objects unloaded after import = 9
========================================================================
Received Import Request.
  Time since last request: 0.000016 seconds.
  path: Assets/ToonyTinyPeople/TT_RTS/TT_RTS_Standard/models/extras/heads/Head_09d.FBX
  artifactKey: Guid(7dbac7ad7b6fc03478a291ee7dfe35cf) Importer(815301076,1909f56bfc062723c751e8b465ee728b)
Start importing Assets/ToonyTinyPeople/TT_RTS/TT_RTS_Standard/models/extras/heads/Head_09d.FBX using Guid(7dbac7ad7b6fc03478a291ee7dfe35cf) Importer(815301076,1909f56bfc062723c751e8b465ee728b)  -> (artifact id: 'd802071199b91da6cb9aed299ae4f9ad') in 0.015322 seconds
Number of updated asset objects reloaded before import = 0
Number of asset objects unloaded after import = 9
========================================================================
Received Import Request.
  Time since last request: 0.000016 seconds.
  path: Assets/ToonyTinyPeople/TT_RTS/TT_RTS_Standard/models/extras/heads/Head_06e.FBX
  artifactKey: Guid(e7ab9a71813e490468c073fdbaac56b1) Importer(815301076,1909f56bfc062723c751e8b465ee728b)
Start importing Assets/ToonyTinyPeople/TT_RTS/TT_RTS_Standard/models/extras/heads/Head_06e.FBX using Guid(e7ab9a71813e490468c073fdbaac56b1) Importer(815301076,1909f56bfc062723c751e8b465ee728b)  -> (artifact id: '5cecc26b2f966919afec3abd751e19ef') in 0.016028 seconds
Number of updated asset objects reloaded before import = 0
Number of asset objects unloaded after import = 9
========================================================================
Received Import Request.
  Time since last request: 0.000012 seconds.
  path: Assets/ToonyTinyPeople/TT_RTS/TT_RTS_Standard/models/extras/heads/Head_08f.FBX
  artifactKey: Guid(165ef21fef761af4da43057dc43b4079) Importer(815301076,1909f56bfc062723c751e8b465ee728b)
Start importing Assets/ToonyTinyPeople/TT_RTS/TT_RTS_Standard/models/extras/heads/Head_08f.FBX using Guid(165ef21fef761af4da43057dc43b4079) Importer(815301076,1909f56bfc062723c751e8b465ee728b)  -> (artifact id: 'dffdda409e40ef02c3bbd931a0c3ef3a') in 0.018725 seconds
Number of updated asset objects reloaded before import = 0
Number of asset objects unloaded after import = 9
========================================================================
Received Import Request.
  Time since last request: 0.000015 seconds.
  path: Assets/ToonyTinyPeople/TT_RTS/TT_RTS_Standard/models/extras/heads/Head_06g.FBX
  artifactKey: Guid(d9f7cf3533134da4cabfb96c5abb38b2) Importer(815301076,1909f56bfc062723c751e8b465ee728b)
Start importing Assets/ToonyTinyPeople/TT_RTS/TT_RTS_Standard/models/extras/heads/Head_06g.FBX using Guid(d9f7cf3533134da4cabfb96c5abb38b2) Importer(815301076,1909f56bfc062723c751e8b465ee728b)  -> (artifact id: '2a789343458de30294eaa06719a56bdb') in 0.016731 seconds
Number of updated asset objects reloaded before import = 0
Number of asset objects unloaded after import = 9
========================================================================
Received Import Request.
  Time since last request: 0.000018 seconds.
  path: Assets/ToonyTinyPeople/TT_RTS/TT_RTS_Standard/models/extras/heads/Head_08d.FBX
  artifactKey: Guid(95f46ff1694f9f54e9ec5308add43ed2) Importer(815301076,1909f56bfc062723c751e8b465ee728b)
Start importing Assets/ToonyTinyPeople/TT_RTS/TT_RTS_Standard/models/extras/heads/Head_08d.FBX using Guid(95f46ff1694f9f54e9ec5308add43ed2) Importer(815301076,1909f56bfc062723c751e8b465ee728b)  -> (artifact id: 'b3fe5563cddd1307428d78f6f61466c3') in 0.015368 seconds
Number of updated asset objects reloaded before import = 0
Number of asset objects unloaded after import = 9
========================================================================
Received Import Request.
  Time since last request: 0.000017 seconds.
  path: Assets/ToonyTinyPeople/TT_RTS/TT_RTS_Standard/models/extras/heads/Head_07d.FBX
  artifactKey: Guid(5eab929b23479fb48b2ac340003906e2) Importer(815301076,1909f56bfc062723c751e8b465ee728b)
Start importing Assets/ToonyTinyPeople/TT_RTS/TT_RTS_Standard/models/extras/heads/Head_07d.FBX using Guid(5eab929b23479fb48b2ac340003906e2) Importer(815301076,1909f56bfc062723c751e8b465ee728b)  -> (artifact id: '90056ad31ba4dcdc6c79b13d22be57f7') in 0.021515 seconds
Number of updated asset objects reloaded before import = 0
Number of asset objects unloaded after import = 9
========================================================================
Received Import Request.
  Time since last request: 0.000017 seconds.
  path: Assets/ToonyTinyPeople/TT_RTS/TT_RTS_Standard/models/extras/heads/Head_11d.FBX
  artifactKey: Guid(13ec74b6a9bff0d49a3ecc94049299e5) Importer(815301076,1909f56bfc062723c751e8b465ee728b)
Start importing Assets/ToonyTinyPeople/TT_RTS/TT_RTS_Standard/models/extras/heads/Head_11d.FBX using Guid(13ec74b6a9bff0d49a3ecc94049299e5) Importer(815301076,1909f56bfc062723c751e8b465ee728b)  -> (artifact id: 'c4717d5a3ee78b22cd62ddcff747dc6b') in 0.017434 seconds
Number of updated asset objects reloaded before import = 0
Number of asset objects unloaded after import = 9
========================================================================
Received Import Request.
  Time since last request: 0.000016 seconds.
  path: Assets/ToonyTinyPeople/TT_RTS/TT_RTS_Standard/models/extras/heads/Head_11a.FBX
  artifactKey: Guid(67071b7aa21eb864c947388681c23b19) Importer(815301076,1909f56bfc062723c751e8b465ee728b)
Start importing Assets/ToonyTinyPeople/TT_RTS/TT_RTS_Standard/models/extras/heads/Head_11a.FBX using Guid(67071b7aa21eb864c947388681c23b19) Importer(815301076,1909f56bfc062723c751e8b465ee728b)  -> (artifact id: '7ed5714dd55a80b35c3fe894237f42e5') in 0.016729 seconds
Number of updated asset objects reloaded before import = 0
Number of asset objects unloaded after import = 9
========================================================================
Received Import Request.
  Time since last request: 0.000024 seconds.
  path: Assets/ToonyTinyPeople/TT_RTS/TT_RTS_Standard/models/extras/heads/Head_06a.FBX
  artifactKey: Guid(1b7987a860368dc49a8ae959c2e03220) Importer(815301076,1909f56bfc062723c751e8b465ee728b)
Start importing Assets/ToonyTinyPeople/TT_RTS/TT_RTS_Standard/models/extras/heads/Head_06a.FBX using Guid(1b7987a860368dc49a8ae959c2e03220) Importer(815301076,1909f56bfc062723c751e8b465ee728b)  -> (artifact id: 'e1df9a8ea4943072c0ce3277f0e38c0b') in 0.018882 seconds
Number of updated asset objects reloaded before import = 0
Number of asset objects unloaded after import = 9
========================================================================
Received Import Request.
  Time since last request: 0.000015 seconds.
  path: Assets/ToonyTinyPeople/TT_RTS/TT_RTS_Standard/models/extras/heads/Head_02f.FBX
  artifactKey: Guid(fbaef7b8885e6ce4f90f601b4926f3c2) Importer(815301076,1909f56bfc062723c751e8b465ee728b)
Start importing Assets/ToonyTinyPeople/TT_RTS/TT_RTS_Standard/models/extras/heads/Head_02f.FBX using Guid(fbaef7b8885e6ce4f90f601b4926f3c2) Importer(815301076,1909f56bfc062723c751e8b465ee728b)  -> (artifact id: '968126cba6c48fbc88a1f478c60da267') in 0.016488 seconds
Number of updated asset objects reloaded before import = 0
Number of asset objects unloaded after import = 9
Editor requested this worker to shutdown with reason: Scaling down because of idle timeout
TcpMessagingSession - receive error: operation aborted. errorcode: 995, details: 스레드 종료 또는 응용 프로그램 요청 때문에 I/O 작업이 취소되었습니다.
AssetImportWorker is now disconnected from the server
Process exiting
Exiting without the bug reporter. Application will terminate with return code 0